Using pre-set license
Built from '2022.3/staging' branch; Version is '2022.3.16f1 (d2c21f0ef2f1) revision 13812255'; Using compiler version '192829333'; Build Type 'Release'
OS: 'Windows 11  (10.0.22631) 64bit Core' Language: 'en' Physical Memory: 16223 MB
BatchMode: 1, IsHumanControllingUs: 0, StartBugReporterOnCrash: 0, Is64bit: 1, IsPro: 1

COMMAND LINE ARGUMENTS:
C:\Program Files\Unity\Hub\Editor\2022.3.16f1\Editor\Unity.exe
-adb2
-batchMode
-noUpm
-name
AssetImportWorker0
-projectPath
D:/Ohjelmointi/Videopelit/VikingProject/VikingProject/Viking Project
-logFile
Logs/AssetImportWorker0.log
-srvPort
51386
Successfully changed project path to: D:/Ohjelmointi/Videopelit/VikingProject/VikingProject/Viking Project
D:/Ohjelmointi/Videopelit/VikingProject/VikingProject/Viking Project
[UnityMemory] Configuration Parameters - Can be set up in boot.config
    "memorysetup-bucket-allocator-granularity=16"
    "memorysetup-bucket-allocator-bucket-count=8"
    "memorysetup-bucket-allocator-block-size=33554432"
    "memorysetup-bucket-allocator-block-count=8"
    "memorysetup-main-allocator-block-size=16777216"
    "memorysetup-thread-allocator-block-size=16777216"
    "memorysetup-gfx-main-allocator-block-size=16777216"
    "memorysetup-gfx-thread-allocator-block-size=16777216"
    "memorysetup-cache-allocator-block-size=4194304"
    "memorysetup-typetree-allocator-block-size=2097152"
    "memorysetup-profiler-bucket-allocator-granularity=16"
    "memorysetup-profiler-bucket-allocator-bucket-count=8"
    "memorysetup-profiler-bucket-allocator-block-size=33554432"
    "memorysetup-profiler-bucket-allocator-block-count=8"
    "memorysetup-profiler-allocator-block-size=16777216"
    "memorysetup-profiler-editor-allocator-block-size=1048576"
    "memorysetup-temp-allocator-size-main=16777216"
    "memorysetup-job-temp-allocator-block-size=2097152"
    "memorysetup-job-temp-allocator-block-size-background=1048576"
    "memorysetup-job-temp-allocator-reduction-small-platforms=262144"
    "memorysetup-allocator-temp-initial-block-size-main=262144"
    "memorysetup-allocator-temp-initial-block-size-worker=262144"
    "memorysetup-temp-allocator-size-background-worker=32768"
    "memorysetup-temp-allocator-size-job-worker=262144"
    "memorysetup-temp-allocator-size-preload-manager=33554432"
    "memorysetup-temp-allocator-size-nav-mesh-worker=65536"
    "memorysetup-temp-allocator-size-audio-worker=65536"
    "memorysetup-temp-allocator-size-cloud-worker=32768"
    "memorysetup-temp-allocator-size-gi-baking-worker=262144"
    "memorysetup-temp-allocator-size-gfx=262144"
Player connection [13296] Host "[IP] 192.168.1.109 [Port] 0 [Flags] 2 [Guid] 3563033949 [EditorId] 3563033949 [Version] 1048832 [Id] WindowsEditor(7,HP-OMEN) [Debug] 1 [PackageName] WindowsEditor [ProjectName] Editor" joined multi-casting on [225.0.0.222:54997]...

Player connection [13296] Host "[IP] 192.168.1.109 [Port] 0 [Flags] 2 [Guid] 3563033949 [EditorId] 3563033949 [Version] 1048832 [Id] WindowsEditor(7,HP-OMEN) [Debug] 1 [PackageName] WindowsEditor [ProjectName] Editor" joined alternative multi-casting on [225.0.0.222:34997]...

[Physics::Module] Initialized MultithreadedJobDispatcher with 11 workers.
Refreshing native plugins compatible for Editor in 18.18 ms, found 3 plugins.
Preloading 0 native plugins for Editor in 0.00 ms.
Initialize engine version: 2022.3.16f1 (d2c21f0ef2f1)
[Subsystems] Discovering subsystems at path C:/Program Files/Unity/Hub/Editor/2022.3.16f1/Editor/Data/Resources/UnitySubsystems
[Subsystems] Discovering subsystems at path D:/Ohjelmointi/Videopelit/VikingProject/VikingProject/Viking Project/Assets
GfxDevice: creating device client; threaded=0; jobified=0
Direct3D:
    Version:  Direct3D 11.0 [level 11.1]
    Renderer: NVIDIA GeForce RTX 3060 (ID=0x2504)
    Vendor:   NVIDIA
    VRAM:     12115 MB
    Driver:   31.0.15.5134
Initialize mono
Mono path[0] = 'C:/Program Files/Unity/Hub/Editor/2022.3.16f1/Editor/Data/Managed'
Mono path[1] = 'C:/Program Files/Unity/Hub/Editor/2022.3.16f1/Editor/Data/MonoBleedingEdge/lib/mono/unityjit-win32'
Mono config path = 'C:/Program Files/Unity/Hub/Editor/2022.3.16f1/Editor/Data/MonoBleedingEdge/etc'
Using monoOptions --debugger-agent=transport=dt_socket,embedding=1,server=y,suspend=n,address=127.0.0.1:56252
Begin MonoManager ReloadAssembly
Registering precompiled unity dll's ...
Register platform support module: C:/Program Files/Unity/Hub/Editor/2022.3.16f1/Editor/Data/PlaybackEngines/WindowsStandaloneSupport/UnityEditor.WindowsStandalone.Extensions.dll
Registered in 0.010414 seconds.
- Loaded All Assemblies, in  0.365 seconds
Native extension for WindowsStandalone target not found
Mono: successfully reloaded assembly
- Finished resetting the current domain, in  0.276 seconds
Domain Reload Profiling: 634ms
	BeginReloadAssembly (124ms)
		ExecutionOrderSort (0ms)
		DisableScriptedObjects (0ms)
		BackupInstance (0ms)
		ReleaseScriptingObjects (0ms)
		CreateAndSetChildDomain (1ms)
	RebuildCommonClasses (36ms)
	RebuildNativeTypeToScriptingClass (9ms)
	initialDomainReloadingComplete (70ms)
	LoadAllAssembliesAndSetupDomain (118ms)
		LoadAssemblies (117ms)
		RebuildTransferFunctionScriptingTraits (0ms)
		AnalyzeDomain (116ms)
			TypeCache.Refresh (115ms)
				TypeCache.ScanAssembly (104ms)
			ScanForSourceGeneratedMonoScriptInfo (0ms)
			ResolveRequiredComponents (1ms)
	FinalizeReload (277ms)
		ReleaseScriptCaches (0ms)
		RebuildScriptCaches (0ms)
		SetupLoadedEditorAssemblies (218ms)
			LogAssemblyErrors (0ms)
			InitializePlatformSupportModulesInManaged (10ms)
			SetLoadedEditorAssemblies (7ms)
			RefreshPlugins (0ms)
			BeforeProcessingInitializeOnLoad (2ms)
			ProcessInitializeOnLoadAttributes (142ms)
			ProcessInitializeOnLoadMethodAttributes (56ms)
			AfterProcessingInitializeOnLoad (0ms)
			EditorAssembliesLoaded (0ms)
		ExecutionOrderSort2 (0ms)
		AwakeInstancesAfterBackupRestoration (0ms)
========================================================================
Worker process is ready to serve import requests
Begin MonoManager ReloadAssembly
- Loaded All Assemblies, in  0.751 seconds
Refreshing native plugins compatible for Editor in 8.25 ms, found 3 plugins.
Native extension for WindowsStandalone target not found
[ScriptCompilation] NOT recompiling all scripts because this is an import worker process. Reason to compile was: Define symbols changed
Package Manager log level set to [2]
[Package Manager] Server::EnsureServerProcessIsRunning -- launch failed, reason: Unity was launched with the -noUpm command-line argument
[Package Manager] UpmClient::Send -- Unable to send message (not connected to UPM process).
[Package Manager] Cannot connect to Unity Package Manager local server
Mono: successfully reloaded assembly
- Finished resetting the current domain, in  0.702 seconds
Domain Reload Profiling: 1442ms
	BeginReloadAssembly (180ms)
		ExecutionOrderSort (0ms)
		DisableScriptedObjects (7ms)
		BackupInstance (0ms)
		ReleaseScriptingObjects (0ms)
		CreateAndSetChildDomain (25ms)
	RebuildCommonClasses (41ms)
	RebuildNativeTypeToScriptingClass (9ms)
	initialDomainReloadingComplete (56ms)
	LoadAllAssembliesAndSetupDomain (453ms)
		LoadAssemblies (373ms)
		RebuildTransferFunctionScriptingTraits (0ms)
		AnalyzeDomain (177ms)
			TypeCache.Refresh (158ms)
				TypeCache.ScanAssembly (145ms)
			ScanForSourceGeneratedMonoScriptInfo (14ms)
			ResolveRequiredComponents (4ms)
	FinalizeReload (702ms)
		ReleaseScriptCaches (0ms)
		RebuildScriptCaches (0ms)
		SetupLoadedEditorAssemblies (553ms)
			LogAssemblyErrors (0ms)
			InitializePlatformSupportModulesInManaged (7ms)
			SetLoadedEditorAssemblies (6ms)
			RefreshPlugins (0ms)
			BeforeProcessingInitializeOnLoad (95ms)
			ProcessInitializeOnLoadAttributes (400ms)
			ProcessInitializeOnLoadMethodAttributes (27ms)
			AfterProcessingInitializeOnLoad (18ms)
			EditorAssembliesLoaded (0ms)
		ExecutionOrderSort2 (0ms)
		AwakeInstancesAfterBackupRestoration (9ms)
Launched and connected shader compiler UnityShaderCompiler.exe after 0.06 seconds
Refreshing native plugins compatible for Editor in 8.57 ms, found 3 plugins.
Preloading 0 native plugins for Editor in 0.00 ms.
Unloading 3225 Unused Serialized files (Serialized files now loaded: 0)
Unloading 44 unused Assets / (1.3 MB). Loaded Objects now: 3674.
Memory consumption went from 146.9 MB to 145.6 MB.
Total: 3.429000 ms (FindLiveObjects: 0.247300 ms CreateObjectMapping: 0.092300 ms MarkObjects: 2.745400 ms  DeleteObjects: 0.342500 ms)

AssetImportParameters requested are different than current active one (requested -> active):
  custom:container-demuxer-ogg: 62fdf1f143b41e24485cea50d1cbac27 -> 
  custom:video-decoder-ogg-theora: a1e56fd34408186e4bbccfd4996cb3dc -> 
  custom:framework-win-MediaFoundation: 216162199b28c13a410421893ffa2e32 -> 
  custom:CustomObjectIndexerAttribute: 43b350a4d6e6d1791af0b5038c4bea17 -> 
  custom:container-demuxer-webm: 4f35f7cbe854078d1ac9338744f61a02 -> 
  custom:container-muxer-webm: aa71ff27fc2769a1b78a27578f13a17b -> 
  custom:video-decoder-webm-vp8: 9c59270c3fd7afecdb556c50c9e8de78 -> 
  custom:SearchIndexIgnoredProperties: e643bd26f0fe6173181afceb89e7c659 -> 
  custom:AudioImporter_EditorPlatform: d09bf68614088b80899f8185d706f6e7 -> 
  custom:video-encoder-webm-vp8: eb34c28f22e8b96e1ab97ce403110664 -> 
  custom:audio-decoder-ogg-vorbis: bf7c407c2cedff20999df2af8eb42d56 -> 
  custom:audio-encoder-webm-vorbis: bf7c407c2cedff20999df2af8eb42d56 -> 
========================================================================
Received Import Request.
  Time since last request: 10749.835527 seconds.
  path: Assets/Low Poly Ultimate Mega Pack
  artifactKey: Guid(f09fad811e0be62408958fb6f57e1ed9) Importer(815301076,1909f56bfc062723c751e8b465ee728b)
Start importing Assets/Low Poly Ultimate Mega Pack using Guid(f09fad811e0be62408958fb6f57e1ed9) Importer(815301076,1909f56bfc062723c751e8b465ee728b)  -> (artifact id: 'cbd61545259251739528c5460ffb39a3') in 0.002878 seconds
Number of updated asset objects reloaded before import = 0
Number of asset objects unloaded after import = 0
========================================================================
Received Import Request.
  Time since last request: 47.995547 seconds.
  path: Assets/Low Poly Ultimate Mega Pack/RG-PolyIslandPack/Models Island/Anchor.fbx
  artifactKey: Guid(53ac461b236aecc49b93e319205a23a2) Importer(815301076,1909f56bfc062723c751e8b465ee728b)
Start importing Assets/Low Poly Ultimate Mega Pack/RG-PolyIslandPack/Models Island/Anchor.fbx using Guid(53ac461b236aecc49b93e319205a23a2) Importer(815301076,1909f56bfc062723c751e8b465ee728b)  -> (artifact id: '1fe111a0a9ef3555276aac1722ae9f70') in 0.707128 seconds
Number of updated asset objects reloaded before import = 0
Number of asset objects unloaded after import = 11
========================================================================
Received Import Request.
  Time since last request: 0.000024 seconds.
  path: Assets/Low Poly Ultimate Mega Pack/RG-PolyIslandPack/Models Island/Spear Island.fbx
  artifactKey: Guid(69a55545e62df924b995521b095ddad1) Importer(815301076,1909f56bfc062723c751e8b465ee728b)
Start importing Assets/Low Poly Ultimate Mega Pack/RG-PolyIslandPack/Models Island/Spear Island.fbx using Guid(69a55545e62df924b995521b095ddad1) Importer(815301076,1909f56bfc062723c751e8b465ee728b)  -> (artifact id: '959619a295ed3b2d4d4e7f18a07ab431') in 0.148464 seconds
Number of updated asset objects reloaded before import = 0
Number of asset objects unloaded after import = 7
========================================================================
Received Import Request.
  Time since last request: 0.000040 seconds.
  path: Assets/Low Poly Ultimate Mega Pack/RG-PolyIslandPack/Models Island/Column_V2_1 Island.fbx
  artifactKey: Guid(b19d742bdd0c78348a2f1a8a674bc385) Importer(815301076,1909f56bfc062723c751e8b465ee728b)
Start importing Assets/Low Poly Ultimate Mega Pack/RG-PolyIslandPack/Models Island/Column_V2_1 Island.fbx using Guid(b19d742bdd0c78348a2f1a8a674bc385) Importer(815301076,1909f56bfc062723c751e8b465ee728b)  -> (artifact id: '28ded1dc860487e9e50507430012c076') in 0.014085 seconds
Number of updated asset objects reloaded before import = 0
Number of asset objects unloaded after import = 7
========================================================================
Received Import Request.
  Time since last request: 0.000018 seconds.
  path: Assets/Low Poly Ultimate Mega Pack/RG-PolyIslandPack/Models Island/Rock_10 Island.fbx
  artifactKey: Guid(29a0d381134ce4945b8930ad5db9a188) Importer(815301076,1909f56bfc062723c751e8b465ee728b)
Start importing Assets/Low Poly Ultimate Mega Pack/RG-PolyIslandPack/Models Island/Rock_10 Island.fbx using Guid(29a0d381134ce4945b8930ad5db9a188) Importer(815301076,1909f56bfc062723c751e8b465ee728b)  -> (artifact id: '129ca4789f264e11b1df08cbdd933e9f') in 0.011750 seconds
Number of updated asset objects reloaded before import = 0
Number of asset objects unloaded after import = 7
========================================================================
Received Import Request.
  Time since last request: 0.000018 seconds.
  path: Assets/Low Poly Ultimate Mega Pack/RG-PolyIslandPack/Models Island/Barrel_1 Island.fbx
  artifactKey: Guid(ca334f6ef47c32c47a854dcf94b2417b) Importer(815301076,1909f56bfc062723c751e8b465ee728b)
Start importing Assets/Low Poly Ultimate Mega Pack/RG-PolyIslandPack/Models Island/Barrel_1 Island.fbx using Guid(ca334f6ef47c32c47a854dcf94b2417b) Importer(815301076,1909f56bfc062723c751e8b465ee728b)  -> (artifact id: 'f32fa4d024daf47b4c7f74bad5c68765') in 0.010817 seconds
Number of updated asset objects reloaded before import = 0
Number of asset objects unloaded after import = 7
========================================================================
Received Import Request.
  Time since last request: 0.000016 seconds.
  path: Assets/Low Poly Ultimate Mega Pack/RG-PolyIslandPack/Models Island/Ladder Island.fbx
  artifactKey: Guid(97f7b5a3dd196a0458b5498528a3492d) Importer(815301076,1909f56bfc062723c751e8b465ee728b)
Start importing Assets/Low Poly Ultimate Mega Pack/RG-PolyIslandPack/Models Island/Ladder Island.fbx using Guid(97f7b5a3dd196a0458b5498528a3492d) Importer(815301076,1909f56bfc062723c751e8b465ee728b)  -> (artifact id: 'be2f93feb1144c6f0b85f31bff4a39cf') in 0.096689 seconds
Number of updated asset objects reloaded before import = 0
Number of asset objects unloaded after import = 7
========================================================================
Received Import Request.
  Time since last request: 0.000020 seconds.
  path: Assets/Low Poly Ultimate Mega Pack/RG-PolyIslandPack/Models Island/Block_L_1 Island.fbx
  artifactKey: Guid(efe282c09dffb6f4d9516447cefbf4ea) Importer(815301076,1909f56bfc062723c751e8b465ee728b)
Start importing Assets/Low Poly Ultimate Mega Pack/RG-PolyIslandPack/Models Island/Block_L_1 Island.fbx using Guid(efe282c09dffb6f4d9516447cefbf4ea) Importer(815301076,1909f56bfc062723c751e8b465ee728b)  -> (artifact id: 'ecd513f8ef5f2a266a34d30df6563474') in 0.011768 seconds
Number of updated asset objects reloaded before import = 0
Number of asset objects unloaded after import = 7
========================================================================
Received Import Request.
  Time since last request: 0.000018 seconds.
  path: Assets/Low Poly Ultimate Mega Pack/RG-PolyIslandPack/Models Island/Tent_2 Island.fbx
  artifactKey: Guid(b14928f3bea622d40b2c0c48fa4e1110) Importer(815301076,1909f56bfc062723c751e8b465ee728b)
Start importing Assets/Low Poly Ultimate Mega Pack/RG-PolyIslandPack/Models Island/Tent_2 Island.fbx using Guid(b14928f3bea622d40b2c0c48fa4e1110) Importer(815301076,1909f56bfc062723c751e8b465ee728b)  -> (artifact id: 'e72c8cf11ef332936798e52f23a09c0e') in 0.011074 seconds
Number of updated asset objects reloaded before import = 0
Number of asset objects unloaded after import = 7
========================================================================
Received Import Request.
  Time since last request: 0.000019 seconds.
  path: Assets/Low Poly Ultimate Mega Pack/RG-PolyIslandPack/Models Island/Crate_1 Island.fbx
  artifactKey: Guid(2282dc3d3c6057847adbfe6cb4ffae7d) Importer(815301076,1909f56bfc062723c751e8b465ee728b)
Start importing Assets/Low Poly Ultimate Mega Pack/RG-PolyIslandPack/Models Island/Crate_1 Island.fbx using Guid(2282dc3d3c6057847adbfe6cb4ffae7d) Importer(815301076,1909f56bfc062723c751e8b465ee728b)  -> (artifact id: '13f02bf6abe5160f03798a1fc4b49b73') in 0.010492 seconds
Number of updated asset objects reloaded before import = 0
Number of asset objects unloaded after import = 7
========================================================================
Received Import Request.
  Time since last request: 0.000015 seconds.
  path: Assets/Low Poly Ultimate Mega Pack/RG-PolyIslandPack/Models Island/Footbridge Island.fbx
  artifactKey: Guid(c9ee3d404827fa34890e9fa83f5ee72f) Importer(815301076,1909f56bfc062723c751e8b465ee728b)
Start importing Assets/Low Poly Ultimate Mega Pack/RG-PolyIslandPack/Models Island/Footbridge Island.fbx using Guid(c9ee3d404827fa34890e9fa83f5ee72f) Importer(815301076,1909f56bfc062723c751e8b465ee728b)  -> (artifact id: '0a52c6b9d17b38c5a0b31376ca0c7c53') in 0.009902 seconds
Number of updated asset objects reloaded before import = 0
Number of asset objects unloaded after import = 7
========================================================================
Received Import Request.
  Time since last request: 0.000017 seconds.
  path: Assets/Low Poly Ultimate Mega Pack/RG-PolyIslandPack/Models Island/Crane_1 Island.fbx
  artifactKey: Guid(415cc30727f46394b8b9cc9e6ea2f69c) Importer(815301076,1909f56bfc062723c751e8b465ee728b)
Start importing Assets/Low Poly Ultimate Mega Pack/RG-PolyIslandPack/Models Island/Crane_1 Island.fbx using Guid(415cc30727f46394b8b9cc9e6ea2f69c) Importer(815301076,1909f56bfc062723c751e8b465ee728b)  -> (artifact id: 'd97a15389020f9b34e44d3962a4604a0') in 0.011457 seconds
Number of updated asset objects reloaded before import = 0
Number of asset objects unloaded after import = 7
========================================================================
Received Import Request.
  Time since last request: 0.000020 seconds.
  path: Assets/Low Poly Ultimate Mega Pack/RG-PolyIslandPack/Models Island/Bridge Island.fbx
  artifactKey: Guid(cabef2a036ca34c41abb96e0e2f593e7) Importer(815301076,1909f56bfc062723c751e8b465ee728b)
Start importing Assets/Low Poly Ultimate Mega Pack/RG-PolyIslandPack/Models Island/Bridge Island.fbx using Guid(cabef2a036ca34c41abb96e0e2f593e7) Importer(815301076,1909f56bfc062723c751e8b465ee728b)  -> (artifact id: '7755cccde64f3b132b0712c3813fde3a') in 0.010768 seconds
Number of updated asset objects reloaded before import = 0
Number of asset objects unloaded after import = 7
========================================================================
Received Import Request.
  Time since last request: 0.000018 seconds.
  path: Assets/Low Poly Ultimate Mega Pack/RG-PolyIslandPack/Models Island/Barrel_2 Island.fbx
  artifactKey: Guid(8d7f02d4d2a925241bc6453df51c1a3f) Importer(815301076,1909f56bfc062723c751e8b465ee728b)
Start importing Assets/Low Poly Ultimate Mega Pack/RG-PolyIslandPack/Models Island/Barrel_2 Island.fbx using Guid(8d7f02d4d2a925241bc6453df51c1a3f) Importer(815301076,1909f56bfc062723c751e8b465ee728b)  -> (artifact id: 'cf05278db8d32b79559306e51f6560bd') in 0.010946 seconds
Number of updated asset objects reloaded before import = 0
Number of asset objects unloaded after import = 7
========================================================================
Received Import Request.
  Time since last request: 0.000037 seconds.
  path: Assets/Low Poly Ultimate Mega Pack/RG-PolyIslandPack/Models Island/CanonBalls Island.fbx
  artifactKey: Guid(f172b1f1eba6bab4499e67bb6fe18914) Importer(815301076,1909f56bfc062723c751e8b465ee728b)
Start importing Assets/Low Poly Ultimate Mega Pack/RG-PolyIslandPack/Models Island/CanonBalls Island.fbx using Guid(f172b1f1eba6bab4499e67bb6fe18914) Importer(815301076,1909f56bfc062723c751e8b465ee728b)  -> (artifact id: '78cf965d1ae49c6dd42303bc92e3d8f4') in 0.010179 seconds
Number of updated asset objects reloaded before import = 0
Number of asset objects unloaded after import = 7
========================================================================
Received Import Request.
  Time since last request: 0.000024 seconds.
  path: Assets/Low Poly Ultimate Mega Pack/RG-PolyIslandPack/Models Island/Vase_S_2 Island.fbx
  artifactKey: Guid(7e16072db7c11ca4db743bc3f8e465fc) Importer(815301076,1909f56bfc062723c751e8b465ee728b)
Start importing Assets/Low Poly Ultimate Mega Pack/RG-PolyIslandPack/Models Island/Vase_S_2 Island.fbx using Guid(7e16072db7c11ca4db743bc3f8e465fc) Importer(815301076,1909f56bfc062723c751e8b465ee728b)  -> (artifact id: 'feb4810c887c6bed935710986159741e') in 0.010589 seconds
Number of updated asset objects reloaded before import = 0
Number of asset objects unloaded after import = 7
========================================================================
Received Import Request.
  Time since last request: 0.000016 seconds.
  path: Assets/Low Poly Ultimate Mega Pack/RG-PolyIslandPack/Models Island/Crab.fbx
  artifactKey: Guid(1c56a252f69d51c4789b93167368c161) Importer(815301076,1909f56bfc062723c751e8b465ee728b)
Start importing Assets/Low Poly Ultimate Mega Pack/RG-PolyIslandPack/Models Island/Crab.fbx using Guid(1c56a252f69d51c4789b93167368c161) Importer(815301076,1909f56bfc062723c751e8b465ee728b)  -> (artifact id: 'ccd076ce745bc30e7d17a05c2aeecaac') in 0.012481 seconds
Number of updated asset objects reloaded before import = 0
Number of asset objects unloaded after import = 9
========================================================================
Received Import Request.
  Time since last request: 0.000019 seconds.
  path: Assets/Low Poly Ultimate Mega Pack/RG-PolyIslandPack/Models Island/Palm_2 Island.fbx
  artifactKey: Guid(8a52cac210d109d4682a7746afd641d1) Importer(815301076,1909f56bfc062723c751e8b465ee728b)
Start importing Assets/Low Poly Ultimate Mega Pack/RG-PolyIslandPack/Models Island/Palm_2 Island.fbx using Guid(8a52cac210d109d4682a7746afd641d1) Importer(815301076,1909f56bfc062723c751e8b465ee728b)  -> (artifact id: 'b978d8a5308d8136e3008cc2f2ee77fe') in 0.010538 seconds
Number of updated asset objects reloaded before import = 0
Number of asset objects unloaded after import = 7
========================================================================
Received Import Request.
  Time since last request: 0.000018 seconds.
  path: Assets/Low Poly Ultimate Mega Pack/RG-PolyIslandPack/Models Island/Plant_7 Island.fbx
  artifactKey: Guid(702024a6499f46a4c8e0d7005941f789) Importer(815301076,1909f56bfc062723c751e8b465ee728b)
Start importing Assets/Low Poly Ultimate Mega Pack/RG-PolyIslandPack/Models Island/Plant_7 Island.fbx using Guid(702024a6499f46a4c8e0d7005941f789) Importer(815301076,1909f56bfc062723c751e8b465ee728b)  -> (artifact id: '153b99128ba521e0036aedaf258a1a7c') in 0.010217 seconds
Number of updated asset objects reloaded before import = 0
Number of asset objects unloaded after import = 7
========================================================================
Received Import Request.
  Time since last request: 0.000019 seconds.
  path: Assets/Low Poly Ultimate Mega Pack/RG-PolyIslandPack/Models Island/WaterVase_1 Island.fbx
  artifactKey: Guid(6213d2b7253cf4b44acf337864e9f115) Importer(815301076,1909f56bfc062723c751e8b465ee728b)
Start importing Assets/Low Poly Ultimate Mega Pack/RG-PolyIslandPack/Models Island/WaterVase_1 Island.fbx using Guid(6213d2b7253cf4b44acf337864e9f115) Importer(815301076,1909f56bfc062723c751e8b465ee728b)  -> (artifact id: 'd52a17e947fc1de2f198f7d5d4b16655') in 0.010702 seconds
Number of updated asset objects reloaded before import = 0
Number of asset objects unloaded after import = 7
========================================================================
Received Import Request.
  Time since last request: 0.000018 seconds.
  path: Assets/Low Poly Ultimate Mega Pack/RG-PolyIslandPack/Models Island/Palm_8 Island.fbx
  artifactKey: Guid(afac5ef47ba567a429340947cc534889) Importer(815301076,1909f56bfc062723c751e8b465ee728b)
Start importing Assets/Low Poly Ultimate Mega Pack/RG-PolyIslandPack/Models Island/Palm_8 Island.fbx using Guid(afac5ef47ba567a429340947cc534889) Importer(815301076,1909f56bfc062723c751e8b465ee728b)  -> (artifact id: '28d10322bc6ba17c7bc086bfa6b6aea0') in 0.010555 seconds
Number of updated asset objects reloaded before import = 0
Number of asset objects unloaded after import = 7
========================================================================
Received Import Request.
  Time since last request: 0.000018 seconds.
  path: Assets/Low Poly Ultimate Mega Pack/RG-PolyIslandPack/Models Island/Shipwreck Island.fbx
  artifactKey: Guid(90d552ef24541ac43b5b5bd066accd8d) Importer(815301076,1909f56bfc062723c751e8b465ee728b)
Start importing Assets/Low Poly Ultimate Mega Pack/RG-PolyIslandPack/Models Island/Shipwreck Island.fbx using Guid(90d552ef24541ac43b5b5bd066accd8d) Importer(815301076,1909f56bfc062723c751e8b465ee728b)  -> (artifact id: '9456a538a02857bcaf2d1b86e6159641') in 0.015076 seconds
Number of updated asset objects reloaded before import = 0
Number of asset objects unloaded after import = 7
========================================================================
Received Import Request.
  Time since last request: 0.000017 seconds.
  path: Assets/Low Poly Ultimate Mega Pack/RG-PolyIslandPack/Models Island/Column_Egypt_3 Island.fbx
  artifactKey: Guid(14c7ace4e7f3884429ad6427a2632193) Importer(815301076,1909f56bfc062723c751e8b465ee728b)
Start importing Assets/Low Poly Ultimate Mega Pack/RG-PolyIslandPack/Models Island/Column_Egypt_3 Island.fbx using Guid(14c7ace4e7f3884429ad6427a2632193) Importer(815301076,1909f56bfc062723c751e8b465ee728b)  -> (artifact id: '8b20ba339e88b21208078177d3ba9689') in 0.011760 seconds
Number of updated asset objects reloaded before import = 0
Number of asset objects unloaded after import = 7
========================================================================
Received Import Request.
  Time since last request: 0.000018 seconds.
  path: Assets/Low Poly Ultimate Mega Pack/RG-PolyIslandPack/Models Island/BananaTree_2 Island.fbx
  artifactKey: Guid(b607a91079a3b98499deb1217d29ab5f) Importer(815301076,1909f56bfc062723c751e8b465ee728b)
Start importing Assets/Low Poly Ultimate Mega Pack/RG-PolyIslandPack/Models Island/BananaTree_2 Island.fbx using Guid(b607a91079a3b98499deb1217d29ab5f) Importer(815301076,1909f56bfc062723c751e8b465ee728b)  -> (artifact id: '444f8b6ff9cdc40a7da6cdbbb8a98a20') in 0.010597 seconds
Number of updated asset objects reloaded before import = 0
Number of asset objects unloaded after import = 7
========================================================================
Received Import Request.
  Time since last request: 0.000023 seconds.
  path: Assets/Low Poly Ultimate Mega Pack/RG-PolyIslandPack/Models Island/Column_Egypt_2 Island.fbx
  artifactKey: Guid(fcf6b5eb494e53443b7e45f8fdb7641a) Importer(815301076,1909f56bfc062723c751e8b465ee728b)
Start importing Assets/Low Poly Ultimate Mega Pack/RG-PolyIslandPack/Models Island/Column_Egypt_2 Island.fbx using Guid(fcf6b5eb494e53443b7e45f8fdb7641a) Importer(815301076,1909f56bfc062723c751e8b465ee728b)  -> (artifact id: 'fe0b319f7a874249a350c48a0bfdbded') in 0.011615 seconds
Number of updated asset objects reloaded before import = 0
Number of asset objects unloaded after import = 7
========================================================================
Received Import Request.
  Time since last request: 0.000022 seconds.
  path: Assets/Low Poly Ultimate Mega Pack/RG-PolyIslandPack/Models Island/Bones_Head Island.fbx
  artifactKey: Guid(e21ae835ff1dffe4081f375ebdd3d1d3) Importer(815301076,1909f56bfc062723c751e8b465ee728b)
Start importing Assets/Low Poly Ultimate Mega Pack/RG-PolyIslandPack/Models Island/Bones_Head Island.fbx using Guid(e21ae835ff1dffe4081f375ebdd3d1d3) Importer(815301076,1909f56bfc062723c751e8b465ee728b)  -> (artifact id: '7b502d198c46207644f8ca38ece62379') in 0.012230 seconds
Number of updated asset objects reloaded before import = 0
Number of asset objects unloaded after import = 7
========================================================================
Received Import Request.
  Time since last request: 0.000018 seconds.
  path: Assets/Low Poly Ultimate Mega Pack/RG-PolyIslandPack/Models Island/Palm_6 Island.fbx
  artifactKey: Guid(b3b14a3ab8d3100489a45d75bb0e52a6) Importer(815301076,1909f56bfc062723c751e8b465ee728b)
Start importing Assets/Low Poly Ultimate Mega Pack/RG-PolyIslandPack/Models Island/Palm_6 Island.fbx using Guid(b3b14a3ab8d3100489a45d75bb0e52a6) Importer(815301076,1909f56bfc062723c751e8b465ee728b)  -> (artifact id: '032e68eec86b223f5dbd543f6c228650') in 0.010795 seconds
Number of updated asset objects reloaded before import = 0
Number of asset objects unloaded after import = 7
========================================================================
Received Import Request.
  Time since last request: 0.000019 seconds.
  path: Assets/Low Poly Ultimate Mega Pack/RG-PolyIslandPack/Models Island/Bucket_2 Island.fbx
  artifactKey: Guid(fc1eef60a83a26143b5ec304f29c7e2f) Importer(815301076,1909f56bfc062723c751e8b465ee728b)
Start importing Assets/Low Poly Ultimate Mega Pack/RG-PolyIslandPack/Models Island/Bucket_2 Island.fbx using Guid(fc1eef60a83a26143b5ec304f29c7e2f) Importer(815301076,1909f56bfc062723c751e8b465ee728b)  -> (artifact id: 'ad14c936b2f859b0056fad84bd1462eb') in 0.011694 seconds
Number of updated asset objects reloaded before import = 0
Number of asset objects unloaded after import = 7
========================================================================
Received Import Request.
  Time since last request: 0.000020 seconds.
  path: Assets/Low Poly Ultimate Mega Pack/RG-PolyIslandPack/Models Island/Rock_4 Island.fbx
  artifactKey: Guid(e5b0ff3124ff0d344894205ab165cdb0) Importer(815301076,1909f56bfc062723c751e8b465ee728b)
Start importing Assets/Low Poly Ultimate Mega Pack/RG-PolyIslandPack/Models Island/Rock_4 Island.fbx using Guid(e5b0ff3124ff0d344894205ab165cdb0) Importer(815301076,1909f56bfc062723c751e8b465ee728b)  -> (artifact id: 'c7868cb82979cdb1804ce6d4e8f35b19') in 0.010954 seconds
Number of updated asset objects reloaded before import = 0
Number of asset objects unloaded after import = 7
========================================================================
Received Import Request.
  Time since last request: 0.000017 seconds.
  path: Assets/Low Poly Ultimate Mega Pack/RG-PolyIslandPack/Models Island/Cage.fbx
  artifactKey: Guid(d609cf3a42069de499e6d3c290fdca03) Importer(815301076,1909f56bfc062723c751e8b465ee728b)
Start importing Assets/Low Poly Ultimate Mega Pack/RG-PolyIslandPack/Models Island/Cage.fbx using Guid(d609cf3a42069de499e6d3c290fdca03) Importer(815301076,1909f56bfc062723c751e8b465ee728b)  -> (artifact id: 'ffa8e278f33aa3357ae3a8e7e4abbd4b') in 0.014606 seconds
Number of updated asset objects reloaded before import = 0
Number of asset objects unloaded after import = 10
========================================================================
Received Import Request.
  Time since last request: 0.000019 seconds.
  path: Assets/Low Poly Ultimate Mega Pack/RG-PolyIslandPack/Models Island/Crane_2 Island.fbx
  artifactKey: Guid(97df3012193107645a3f8e3c3c4ef96f) Importer(815301076,1909f56bfc062723c751e8b465ee728b)
Start importing Assets/Low Poly Ultimate Mega Pack/RG-PolyIslandPack/Models Island/Crane_2 Island.fbx using Guid(97df3012193107645a3f8e3c3c4ef96f) Importer(815301076,1909f56bfc062723c751e8b465ee728b)  -> (artifact id: '7d2408e54cfa95a6cc317609540b36fd') in 0.010101 seconds
Number of updated asset objects reloaded before import = 0
Number of asset objects unloaded after import = 7
========================================================================
Received Import Request.
  Time since last request: 0.000031 seconds.
  path: Assets/Low Poly Ultimate Mega Pack/RG-PolyIslandPack/Models Island/Plant_10 Island.fbx
  artifactKey: Guid(37310d21e785c4b47815091d9289a1dd) Importer(815301076,1909f56bfc062723c751e8b465ee728b)
Start importing Assets/Low Poly Ultimate Mega Pack/RG-PolyIslandPack/Models Island/Plant_10 Island.fbx using Guid(37310d21e785c4b47815091d9289a1dd) Importer(815301076,1909f56bfc062723c751e8b465ee728b)  -> (artifact id: '0dcf3a9afa822372909870ee0132e392') in 0.010759 seconds
Number of updated asset objects reloaded before import = 0
Number of asset objects unloaded after import = 7
========================================================================
Received Import Request.
  Time since last request: 0.000016 seconds.
  path: Assets/Low Poly Ultimate Mega Pack/RG-PolyIslandPack/Models Island/Rock_9 Island.fbx
  artifactKey: Guid(4face478cebbfaa49a701953db55884a) Importer(815301076,1909f56bfc062723c751e8b465ee728b)
Start importing Assets/Low Poly Ultimate Mega Pack/RG-PolyIslandPack/Models Island/Rock_9 Island.fbx using Guid(4face478cebbfaa49a701953db55884a) Importer(815301076,1909f56bfc062723c751e8b465ee728b)  -> (artifact id: 'ce8973846c0928bd293134d1b95ddc17') in 0.010929 seconds
Number of updated asset objects reloaded before import = 0
Number of asset objects unloaded after import = 7
========================================================================
Received Import Request.
  Time since last request: 0.000017 seconds.
  path: Assets/Low Poly Ultimate Mega Pack/RG-PolyIslandPack/Models Island/Rock_5 Island.fbx
  artifactKey: Guid(a68e6d02224df9a43be02c80bd7a0a42) Importer(815301076,1909f56bfc062723c751e8b465ee728b)
Start importing Assets/Low Poly Ultimate Mega Pack/RG-PolyIslandPack/Models Island/Rock_5 Island.fbx using Guid(a68e6d02224df9a43be02c80bd7a0a42) Importer(815301076,1909f56bfc062723c751e8b465ee728b)  -> (artifact id: '6fe2590a2eb734a34f46685a7a08dd7a') in 0.010611 seconds
Number of updated asset objects reloaded before import = 0
Number of asset objects unloaded after import = 7
========================================================================
Received Import Request.
  Time since last request: 0.000017 seconds.
  path: Assets/Low Poly Ultimate Mega Pack/RG-PolyIslandPack/Models Island/Stone_1 Island.fbx
  artifactKey: Guid(211c13781fa88d3488a1c3bdb70691d6) Importer(815301076,1909f56bfc062723c751e8b465ee728b)
Start importing Assets/Low Poly Ultimate Mega Pack/RG-PolyIslandPack/Models Island/Stone_1 Island.fbx using Guid(211c13781fa88d3488a1c3bdb70691d6) Importer(815301076,1909f56bfc062723c751e8b465ee728b)  -> (artifact id: '0b26ce28b74f8ca59704256bc1de1e9d') in 0.010334 seconds
Number of updated asset objects reloaded before import = 0
Number of asset objects unloaded after import = 7
========================================================================
Received Import Request.
  Time since last request: 0.000018 seconds.
  path: Assets/Low Poly Ultimate Mega Pack/RG-PolyIslandPack/Models Island/Tent_1 Island.fbx
  artifactKey: Guid(3b50f503dc588714da904937e3429719) Importer(815301076,1909f56bfc062723c751e8b465ee728b)
Start importing Assets/Low Poly Ultimate Mega Pack/RG-PolyIslandPack/Models Island/Tent_1 Island.fbx using Guid(3b50f503dc588714da904937e3429719) Importer(815301076,1909f56bfc062723c751e8b465ee728b)  -> (artifact id: '102a89bfdee25876631da22c5e5d3d26') in 0.010494 seconds
Number of updated asset objects reloaded before import = 0
Number of asset objects unloaded after import = 7
========================================================================
Received Import Request.
  Time since last request: 0.000014 seconds.
  path: Assets/Low Poly Ultimate Mega Pack/RG-PolyIslandPack/Models Island/Fence_2 Island.fbx
  artifactKey: Guid(52733836bf5a5494884477c6acc2ef66) Importer(815301076,1909f56bfc062723c751e8b465ee728b)
Start importing Assets/Low Poly Ultimate Mega Pack/RG-PolyIslandPack/Models Island/Fence_2 Island.fbx using Guid(52733836bf5a5494884477c6acc2ef66) Importer(815301076,1909f56bfc062723c751e8b465ee728b)  -> (artifact id: '02f4bd38c4697e4a7e5e5fc4c63593b8') in 0.011485 seconds
Number of updated asset objects reloaded before import = 0
Number of asset objects unloaded after import = 7
========================================================================
Received Import Request.
  Time since last request: 0.000014 seconds.
  path: Assets/Low Poly Ultimate Mega Pack/RG-PolyIslandPack/Models Island/Column_V1_2 Island.fbx
  artifactKey: Guid(7e5524e01e4ba4241a8b624252cccf54) Importer(815301076,1909f56bfc062723c751e8b465ee728b)
Start importing Assets/Low Poly Ultimate Mega Pack/RG-PolyIslandPack/Models Island/Column_V1_2 Island.fbx using Guid(7e5524e01e4ba4241a8b624252cccf54) Importer(815301076,1909f56bfc062723c751e8b465ee728b)  -> (artifact id: 'ef4884abc4f3c315757e0a1b700c954c') in 0.010334 seconds
Number of updated asset objects reloaded before import = 0
Number of asset objects unloaded after import = 7
========================================================================
Received Import Request.
  Time since last request: 0.000015 seconds.
  path: Assets/Low Poly Ultimate Mega Pack/RG-PolyIslandPack/Models Island/Bones_Skull Island.fbx
  artifactKey: Guid(f8cafe3fd3d9c8c43b6cff8799afd654) Importer(815301076,1909f56bfc062723c751e8b465ee728b)
Start importing Assets/Low Poly Ultimate Mega Pack/RG-PolyIslandPack/Models Island/Bones_Skull Island.fbx using Guid(f8cafe3fd3d9c8c43b6cff8799afd654) Importer(815301076,1909f56bfc062723c751e8b465ee728b)  -> (artifact id: 'fab7e87be703d2523fe63bc28ed2d16e') in 0.013252 seconds
Number of updated asset objects reloaded before import = 0
Number of asset objects unloaded after import = 7
========================================================================
Received Import Request.
  Time since last request: 0.000019 seconds.
  path: Assets/Low Poly Ultimate Mega Pack/RG-PolyIslandPack/Models Island/Block_L_2 Island.fbx
  artifactKey: Guid(e28871c2e9b9ad5429cac99d53e21ba2) Importer(815301076,1909f56bfc062723c751e8b465ee728b)
Start importing Assets/Low Poly Ultimate Mega Pack/RG-PolyIslandPack/Models Island/Block_L_2 Island.fbx using Guid(e28871c2e9b9ad5429cac99d53e21ba2) Importer(815301076,1909f56bfc062723c751e8b465ee728b)  -> (artifact id: 'ec9dad279d374f6539b29276135fe920') in 0.011891 seconds
Number of updated asset objects reloaded before import = 0
Number of asset objects unloaded after import = 7
========================================================================
Received Import Request.
  Time since last request: 0.000017 seconds.
  path: Assets/Low Poly Ultimate Mega Pack/RG-PolyIslandPack/Models Island/CanonBall Island.fbx
  artifactKey: Guid(a0da9e264ee7b984593867a40c498c4c) Importer(815301076,1909f56bfc062723c751e8b465ee728b)
Start importing Assets/Low Poly Ultimate Mega Pack/RG-PolyIslandPack/Models Island/CanonBall Island.fbx using Guid(a0da9e264ee7b984593867a40c498c4c) Importer(815301076,1909f56bfc062723c751e8b465ee728b)  -> (artifact id: '3280de5b69ee77ce6b249c1878437895') in 0.010581 seconds
Number of updated asset objects reloaded before import = 0
Number of asset objects unloaded after import = 7
========================================================================
Received Import Request.
  Time since last request: 0.000023 seconds.
  path: Assets/Low Poly Ultimate Mega Pack/RG-PolyIslandPack/Models Island/WodenLog Island.fbx
  artifactKey: Guid(2e71c291477b11a40af3f8b9cdd9594c) Importer(815301076,1909f56bfc062723c751e8b465ee728b)
Start importing Assets/Low Poly Ultimate Mega Pack/RG-PolyIslandPack/Models Island/WodenLog Island.fbx using Guid(2e71c291477b11a40af3f8b9cdd9594c) Importer(815301076,1909f56bfc062723c751e8b465ee728b)  -> (artifact id: 'be09d26801f6b1a6e9f20aed7dcae77f') in 0.011361 seconds
Number of updated asset objects reloaded before import = 0
Number of asset objects unloaded after import = 7
========================================================================
Received Import Request.
  Time since last request: 0.000019 seconds.
  path: Assets/Low Poly Ultimate Mega Pack/RG-PolyIslandPack/Models Island/Tile_5 Island.fbx
  artifactKey: Guid(0c16d8716d4159d429fe20ab902405b9) Importer(815301076,1909f56bfc062723c751e8b465ee728b)
Start importing Assets/Low Poly Ultimate Mega Pack/RG-PolyIslandPack/Models Island/Tile_5 Island.fbx using Guid(0c16d8716d4159d429fe20ab902405b9) Importer(815301076,1909f56bfc062723c751e8b465ee728b)  -> (artifact id: '9e2eea3685b9f2cb002e3b3cd04006a0') in 0.011255 seconds
Number of updated asset objects reloaded before import = 0
Number of asset objects unloaded after import = 7
========================================================================
Received Import Request.
  Time since last request: 0.000019 seconds.
  path: Assets/Low Poly Ultimate Mega Pack/RG-PolyIslandPack/Models Island/Rock_8 Island.fbx
  artifactKey: Guid(c0ffb8e3602fa6e42ad99e50619e45ed) Importer(815301076,1909f56bfc062723c751e8b465ee728b)
Start importing Assets/Low Poly Ultimate Mega Pack/RG-PolyIslandPack/Models Island/Rock_8 Island.fbx using Guid(c0ffb8e3602fa6e42ad99e50619e45ed) Importer(815301076,1909f56bfc062723c751e8b465ee728b)  -> (artifact id: '6be0765bbdf3ad42a26485c765a374a5') in 0.012129 seconds
Number of updated asset objects reloaded before import = 0
Number of asset objects unloaded after import = 7
========================================================================
Received Import Request.
  Time since last request: 0.000017 seconds.
  path: Assets/Low Poly Ultimate Mega Pack/RG-PolyIslandPack/Models Island/WaterVase_2 Island.fbx
  artifactKey: Guid(10da5d5caf5d9554894fde37d2fa5a81) Importer(815301076,1909f56bfc062723c751e8b465ee728b)
Start importing Assets/Low Poly Ultimate Mega Pack/RG-PolyIslandPack/Models Island/WaterVase_2 Island.fbx using Guid(10da5d5caf5d9554894fde37d2fa5a81) Importer(815301076,1909f56bfc062723c751e8b465ee728b)  -> (artifact id: '90916d0709ee538f775b78732c08ee66') in 0.010855 seconds
Number of updated asset objects reloaded before import = 0
Number of asset objects unloaded after import = 7
========================================================================
Received Import Request.
  Time since last request: 0.000018 seconds.
  path: Assets/Low Poly Ultimate Mega Pack/RG-PolyIslandPack/Models Island/Wooden_Box Island.fbx
  artifactKey: Guid(497847b2eb8785549ab734e3b3bdd2a0) Importer(815301076,1909f56bfc062723c751e8b465ee728b)
Start importing Assets/Low Poly Ultimate Mega Pack/RG-PolyIslandPack/Models Island/Wooden_Box Island.fbx using Guid(497847b2eb8785549ab734e3b3bdd2a0) Importer(815301076,1909f56bfc062723c751e8b465ee728b)  -> (artifact id: '3edf263eb2136ac9072f54ff49cdd67e') in 0.010074 seconds
Number of updated asset objects reloaded before import = 0
Number of asset objects unloaded after import = 7
========================================================================
Received Import Request.
  Time since last request: 0.000019 seconds.
  path: Assets/Low Poly Ultimate Mega Pack/RG-PolyIslandPack/Models Island/Tent_3 Island.fbx
  artifactKey: Guid(db4324f2b28152a4fab77f167fda6d68) Importer(815301076,1909f56bfc062723c751e8b465ee728b)
Start importing Assets/Low Poly Ultimate Mega Pack/RG-PolyIslandPack/Models Island/Tent_3 Island.fbx using Guid(db4324f2b28152a4fab77f167fda6d68) Importer(815301076,1909f56bfc062723c751e8b465ee728b)  -> (artifact id: 'ef8bf49aeb78b3e096b713ca93b08ded') in 0.011796 seconds
Number of updated asset objects reloaded before import = 0
Number of asset objects unloaded after import = 7
========================================================================
Received Import Request.
  Time since last request: 0.000021 seconds.
  path: Assets/Low Poly Ultimate Mega Pack/RG-PolyIslandPack/Models Island/Treasure_Chest Island.fbx
  artifactKey: Guid(ccc3ce5021a82b841a19b0a261ce0dc5) Importer(815301076,1909f56bfc062723c751e8b465ee728b)
Start importing Assets/Low Poly Ultimate Mega Pack/RG-PolyIslandPack/Models Island/Treasure_Chest Island.fbx using Guid(ccc3ce5021a82b841a19b0a261ce0dc5) Importer(815301076,1909f56bfc062723c751e8b465ee728b)  -> (artifact id: 'd3d68864a115abc9b1388da6afa835eb') in 0.011269 seconds
Number of updated asset objects reloaded before import = 0
Number of asset objects unloaded after import = 7
========================================================================
Received Import Request.
  Time since last request: 0.000020 seconds.
  path: Assets/Low Poly Ultimate Mega Pack/RG-PolyIslandPack/Models Island/Tile_1 Island.fbx
  artifactKey: Guid(b2a540dd5fd8c6441becc040ef6db353) Importer(815301076,1909f56bfc062723c751e8b465ee728b)
Start importing Assets/Low Poly Ultimate Mega Pack/RG-PolyIslandPack/Models Island/Tile_1 Island.fbx using Guid(b2a540dd5fd8c6441becc040ef6db353) Importer(815301076,1909f56bfc062723c751e8b465ee728b)  -> (artifact id: '9132a8e6710fd5ae8f7048413e4f4f85') in 0.011380 seconds
Number of updated asset objects reloaded before import = 0
Number of asset objects unloaded after import = 7
========================================================================
Received Import Request.
  Time since last request: 0.000037 seconds.
  path: Assets/Low Poly Ultimate Mega Pack/RG-PolyIslandPack/Models Island/BananaTree_3 Island.fbx
  artifactKey: Guid(a3078f19558ac0d449eb8d638e0fec79) Importer(815301076,1909f56bfc062723c751e8b465ee728b)
Start importing Assets/Low Poly Ultimate Mega Pack/RG-PolyIslandPack/Models Island/BananaTree_3 Island.fbx using Guid(a3078f19558ac0d449eb8d638e0fec79) Importer(815301076,1909f56bfc062723c751e8b465ee728b)  -> (artifact id: 'a3fae1bad33034156aa1b97464eb90cb') in 0.010834 seconds
Number of updated asset objects reloaded before import = 0
Number of asset objects unloaded after import = 7
